<?xml version="1.0" encoding="UTF-8"?>
<!-- Generated by org.testng.reporters.JUnitReportReporter -->
<testsuite hostname="Irinas-MacBook-Pro.local" failures="0" tests="5" name="api_tests.CraterItems" time="5.338" errors="0" timestamp="2023-05-12T11:43:28 CDT" skipped="0">
  <testcase classname="api_tests.CraterItems" name="updateItem" time="0.933"/>
  <system-out/>
  <testcase classname="api_tests.CraterItems" name="deleteItem" time="0.358"/>
  <system-out/>
  <testcase classname="api_tests.CraterItems" name="getItem" time="0.808"/>
  <system-out/>
  <testcase classname="api_tests.CraterItems" name="login" time="2.168"/>
  <system-out/>
  <testcase classname="api_tests.CraterItems" name="createItem" time="1.071"/>
  <system-out/>
</testsuite> <!-- api_tests.CraterItems -->
