<?xml version="1.0" encoding="UTF-8"?>
<!-- Generated by org.testng.reporters.JUnitReportReporter -->
<testsuite hostname="Irinas-MacBook-Pro.local" failures="0" tests="1" name="api_tests.PetStoreAPIs" time="2.212" errors="0" timestamp="2023-05-11T10:58:05 CDT" skipped="0">
  <testcase classname="api_tests.PetStoreAPIs" name="petNotFound" time="2.212"/>
  <system-out/>
</testsuite> <!-- api_tests.PetStoreAPIs -->
